[2026-01-02 19:04:32] === Iniciando verificación automática ===
[2026-01-02 19:04:32] Cambios detectados, creando commit...
[main b3c6a13] Auto-commit: 5 nuevo(s), 10 eliminado(s)
 Committer: Ana Manzanares <anamanzanares@MacBook-Pro-de-Ana.local>
Your name and email address were configured automatically based
on your username and hostname. Please check that they are accurate.
You can suppress this message by setting them explicitly:

    git config --global user.name "Your Name"
    git config --global user.email you@example.com

After doing this, you may fix the identity used for this commit with:

    git commit --amend --reset-author

 23 files changed, 95 insertions(+), 123 deletions(-)
 create mode 100644 .auto-commit-stderr.log
 create mode 100644 .auto-commit-stdout.log
 create mode 100644 .auto-commit.log
 create mode 100644 PORTFOLIO/BOM/BOM PROJECT (arrastrado).pdf
 create mode 100644 PORTFOLIO/BOM/bocetos.pdf
 create mode 100644 PORTFOLIO/BOM/logo.pdf
 create mode 100644 PORTFOLIO/BOM/plano-planta.pdf
 create mode 100644 "PORTFOLIO/BOM/plano-t\303\251cnico-mostrador.pdf"
 create mode 100644 PORTFOLIO/BOM/render-1.png
 create mode 100644 PORTFOLIO/BOM/render-2.png
 create mode 100644 PORTFOLIO/BOM/seccion-2.pdf
 create mode 100644 PORTFOLIO/BOM/secciones.pdf
 delete mode 100644 PORTFOLIO/MAS CREATION RED.pdf
 delete mode 100644 PORTFOLIO/MAS-CREATION/alzado-color-a.pdf
 delete mode 100644 PORTFOLIO/MAS-CREATION/alzado-color-b.pdf
 delete mode 100644 PORTFOLIO/MAS-CREATION/alzados-transv-color.pdf
 delete mode 100644 PORTFOLIO/MAS-CREATION/bocetos.pdf
 delete mode 100755 PORTFOLIO/MAS-CREATION/convert_pdfs_to_images.sh
 delete mode 100644 PORTFOLIO/MAS-CREATION/info-mas-creation
 delete mode 100644 PORTFOLIO/MAS-CREATION/moodboard.pdf
 delete mode 100644 PORTFOLIO/MAS-CREATION/plano-acabados-color.pdf
 delete mode 100644 PORTFOLIO/MAS-CREATION/plano-cubierta-color.pdf
 create mode 100755 auto-commit-daemon.sh
[2026-01-02 19:04:34] ✅ Commit creado exitosamente
[1;33m🔍 Verificando cambios pendientes...[0m
[1;33m📝 Cambios detectados. Creando commit automático...[0m
